<?xml version="1.0" encoding="UTF-8"?>
<testsuite xmlns:xsi="http://www.w3.org/2001/XMLSchema-instance" xsi:noNamespaceSchemaLocation="https://maven.apache.org/surefire/maven-surefire-plugin/xsd/surefire-test-report-3.0.xsd" version="3.0" name="stepdefs.TestRunner" time="465.286" tests="4" errors="0" skipped="0" failures="0">
  <properties>
[...]
</properties>
  <testcase name="Validate the Login failure scenario" classname="This feature will be used to test the login functionality of simplilearn application" time="149.044">
    <system-out><![CDATA[
@Browser @Sanity
Scenario: Validate the Login failure scenario # src/test/java/features/Login.feature:16
  Given I have launched the application       # stepdefs.LoginStepDef.i_have_launched_the_application()
  And I have clicked on Login Link            # stepdefs.LoginStepDef.i_have_clicked_on_Login_Link()
  When I enter username                       # stepdefs.LoginStepDef.i_enter_username()
  And I enter password                        # stepdefs.LoginStepDef.i_enter_password()
  And I click on Login button                 # stepdefs.LoginStepDef.i_click_on_Login_button()
  Then I should get the error message         # stepdefs.LoginStepDef.i_should_get_the_error_message()
]]></system-out>
    <system-err><![CDATA[May 20, 2023 12:38:56 PM io.cucumber.junit.Cucumber <init>
WARNING: By default Cucumber is running in --non-strict mode.
This default will change to --strict and --non-strict will be removed.
You can use --strict or @CucumberOptions(strict = true) to suppress this warning
SLF4J: No SLF4J providers were found.
SLF4J: Defaulting to no-operation (NOP) logger implementation
SLF4J: See https://www.slf4j.org/codes.html#noProviders for further details.
Starting ChromeDriver 109.0.5414.74 (e7c5703604daa9cc128ccf5a5d3e993513758913-refs/branch-heads/5414@{#1172}) on port 17501
Only local connections are allowed.
Please see https://chromedriver.chromium.org/security-considerations for suggestions on keeping ChromeDriver safe.
ChromeDriver was started successfully.
May 20, 2023 12:39:21 PM org.openqa.selenium.remote.ProtocolHandshake createSession
INFO: Detected dialect: W3C
]]></system-err>
  </testcase>
  <testcase name="Validate the Login failure scenario" classname="This feature will be used to test the login functionality of simplilearn application" time="81.355">
    <system-out><![CDATA[
@Browser @Sanity
Scenario: Validate the Login failure scenario                                                 # src/test/java/features/Login.feature:23
  Given I have launched the application                                                       # stepdefs.LoginStepDef.i_have_launched_the_application()
  And I have clicked on Login Link                                                            # stepdefs.LoginStepDef.i_have_clicked_on_Login_Link()
  When I enter username as "abc@xyz.com"                                                      # stepdefs.LoginStepDef.i_enter_username_as(java.lang.String)
  And I enter password as "Abc@1234"                                                          # stepdefs.LoginStepDef.i_enter_password_as(java.lang.String)
  And I click on Login button                                                                 # stepdefs.LoginStepDef.i_click_on_Login_button()
  Then I should get the error message as "The email or password you have entered is invalid." # stepdefs.LoginStepDef.i_should_get_the_error_message_as(java.lang.String)
]]></system-out>
    <system-err><![CDATA[Starting ChromeDriver 109.0.5414.74 (e7c5703604daa9cc128ccf5a5d3e993513758913-refs/branch-heads/5414@{#1172}) on port 35202
Only local connections are allowed.
Please see https://chromedriver.chromium.org/security-considerations for suggestions on keeping ChromeDriver safe.
ChromeDriver was started successfully.
May 20, 2023 12:41:45 PM org.openqa.selenium.remote.ProtocolHandshake createSession
INFO: Detected dialect: W3C
]]></system-err>
  </testcase>
  <testcase name="Validate the Login failure scenario" classname="This feature will be used to test the login functionality of simplilearn application" time="122.373">
    <system-out><![CDATA[
@Browser @Regression @Sanity
Scenario Outline: Validate the Login failure scenario                                         # src/test/java/features/Login.feature:38
  Given I have launched the application                                                       # stepdefs.LoginStepDef.i_have_launched_the_application()
  And I have clicked on Login Link                                                            # stepdefs.LoginStepDef.i_have_clicked_on_Login_Link()
  When I enter username as "pqr@xyz.com"                                                      # stepdefs.LoginStepDef.i_enter_username_as(java.lang.String)
  And I enter password as "Pqr@1234"                                                          # stepdefs.LoginStepDef.i_enter_password_as(java.lang.String)
  And I click on Login button                                                                 # stepdefs.LoginStepDef.i_click_on_Login_button()
  Then I should get the error message as "The email or password you have entered is invalid." # stepdefs.LoginStepDef.i_should_get_the_error_message_as(java.lang.String)
]]></system-out>
    <system-err><![CDATA[Starting ChromeDriver 109.0.5414.74 (e7c5703604daa9cc128ccf5a5d3e993513758913-refs/branch-heads/5414@{#1172}) on port 42999
Only local connections are allowed.
Please see https://chromedriver.chromium.org/security-considerations for suggestions on keeping ChromeDriver safe.
ChromeDriver was started successfully.
May 20, 2023 12:43:03 PM org.openqa.selenium.remote.ProtocolHandshake createSession
INFO: Detected dialect: W3C
]]></system-err>
  </testcase>
  <testcase name="Validate the Login failure scenario" classname="This feature will be used to test the login functionality of simplilearn application" time="111.181">
    <system-out><![CDATA[
@Browser @Regression @Sanity
Scenario Outline: Validate the Login failure scenario                                         # src/test/java/features/Login.feature:39
  Given I have launched the application                                                       # stepdefs.LoginStepDef.i_have_launched_the_application()
  And I have clicked on Login Link                                                            # stepdefs.LoginStepDef.i_have_clicked_on_Login_Link()
  When I enter username as "xyz@abc.com"                                                      # stepdefs.LoginStepDef.i_enter_username_as(java.lang.String)
  And I enter password as "Xyz@1234"                                                          # stepdefs.LoginStepDef.i_enter_password_as(java.lang.String)
  And I click on Login button                                                                 # stepdefs.LoginStepDef.i_click_on_Login_button()
  Then I should get the error message as "The email or password you have entered is invalid." # stepdefs.LoginStepDef.i_should_get_the_error_message_as(java.lang.String)
]]></system-out>
    <system-err><![CDATA[Starting ChromeDriver 109.0.5414.74 (e7c5703604daa9cc128ccf5a5d3e993513758913-refs/branch-heads/5414@{#1172}) on port 41491
Only local connections are allowed.
Please see https://chromedriver.chromium.org/security-considerations for suggestions on keeping ChromeDriver safe.
ChromeDriver was started successfully.
May 20, 2023 12:45:32 PM org.openqa.selenium.remote.ProtocolHandshake createSession
INFO: Detected dialect: W3C
]]></system-err>
  </testcase>
</testsuite>